<?xml version="1.0" encoding="UTF-8"?>
<!-- Generated by org.testng.reporters.JUnitXMLReporter -->
<testsuite hostname="Preethy" ignored="0" name="ChromeTest" tests="4" failures="2" timestamp="2023-04-15T00:45:04 IST" time="12.354" errors="0">
  <testcase name="loginwithValidusernameandPassword" time="0.714" classname="com.obsqura.testscripts.LoginTest"/>
  <testcase name="loginwithValidusernameandPassword" time="0.201" classname="com.obsqura.testscripts.LoginTest">
    <failure type="java.lang.AssertionError" message="Wrong username and password expected [true] but found [false]">
      <![CDATA[java.lang.AssertionError: Wrong username and password expected [true] but found [false]
at com.obsqura.testscripts.LoginTest.loginwithValidusernameandPassword(LoginTest.java:26)
at java.util.ArrayList.forEach(Unknown Source)
... Removed 32 stack frames]]>
    </failure>
  </testcase> <!-- loginwithValidusernameandPassword -->
  <testcase name="loginwithValidusernameandPassword" time="0.254" classname="com.obsqura.testscripts.LoginTest">
    <failure type="java.lang.AssertionError" message="Wrong username and password expected [false] but found [true]">
      <![CDATA[java.lang.AssertionError: Wrong username and password expected [false] but found [true]
at com.obsqura.testscripts.LoginTest.loginwithValidusernameandPassword(LoginTest.java:26)
at java.util.ArrayList.forEach(Unknown Source)
... Removed 32 stack frames]]>
    </failure>
  </testcase> <!-- loginwithValidusernameandPassword -->
  <testcase name="loginwithValidusernameandPassword" time="0.477" classname="com.obsqura.testscripts.LoginTest"/>
</testsuite> <!-- ChromeTest -->
