<?xml version="1.0" encoding="UTF-8"?>
<!-- Generated by org.testng.reporters.JUnitXMLReporter -->
<testsuite hostname="Preethy" ignored="0" name="Test" tests="4" failures="2" timestamp="2023-04-14T21:05:53 IST" time="23.07" errors="0">
  <testcase name="loginwithValidusernameandPassword" time="1.321" classname="com.obsqura.testscripts.LoginTest"/>
  <testcase name="loginwithValidusernameandPassword" time="0.493" classname="com.obsqura.testscripts.LoginTest">
    <failure type="java.lang.AssertionError" message="Wrong username and password expected [true] but found [false]">
      <![CDATA[java.lang.AssertionError: Wrong username and password expected [true] but found [false]
at com.obsqura.testscripts.LoginTest.loginwithValidusernameandPassword(LoginTest.java:25)
at java.util.ArrayList.forEach(Unknown Source)
... Removed 36 stack frames]]>
    </failure>
  </testcase> <!-- loginwithValidusernameandPassword -->
  <testcase name="loginwithValidusernameandPassword" time="0.527" classname="com.obsqura.testscripts.LoginTest">
    <failure type="java.lang.AssertionError" message="Wrong username and password expected [false] but found [true]">
      <![CDATA[java.lang.AssertionError: Wrong username and password expected [false] but found [true]
at com.obsqura.testscripts.LoginTest.loginwithValidusernameandPassword(LoginTest.java:25)
at java.util.ArrayList.forEach(Unknown Source)
... Removed 36 stack frames]]>
    </failure>
  </testcase> <!-- loginwithValidusernameandPassword -->
  <testcase name="loginwithValidusernameandPassword" time="0.937" classname="com.obsqura.testscripts.LoginTest"/>
</testsuite> <!-- Test -->
